Traceback (most recent call last):
  File "/opt/hostedtoolcache/Python/3.7.11/x64/lib/python3.7/site-packages/jupyter_cache/executors/utils.py", line 56, in single_nb_execution
    record_timing=False,
  File "/opt/hostedtoolcache/Python/3.7.11/x64/lib/python3.7/site-packages/nbclient/client.py", line 1117, in execute
    return NotebookClient(nb=nb, resources=resources, km=km, **kwargs).execute()
  File "/opt/hostedtoolcache/Python/3.7.11/x64/lib/python3.7/site-packages/nbclient/util.py", line 78, in wrapped
    return just_run(coro(*args, **kwargs))
  File "/opt/hostedtoolcache/Python/3.7.11/x64/lib/python3.7/site-packages/nbclient/util.py", line 57, in just_run
    return loop.run_until_complete(coro)
  File "/opt/hostedtoolcache/Python/3.7.11/x64/lib/python3.7/asyncio/base_events.py", line 587, in run_until_complete
    return future.result()
  File "/opt/hostedtoolcache/Python/3.7.11/x64/lib/python3.7/site-packages/nbclient/client.py", line 559, in async_execute
    cell, index, execution_count=self.code_cells_executed + 1
  File "/opt/hostedtoolcache/Python/3.7.11/x64/lib/python3.7/site-packages/nbclient/client.py", line 862, in async_execute_cell
    self._check_raise_for_error(cell, exec_reply)
  File "/opt/hostedtoolcache/Python/3.7.11/x64/lib/python3.7/site-packages/nbclient/client.py", line 765, in _check_raise_for_error
    raise CellExecutionError.from_cell_and_msg(cell, exec_reply_content)
nbclient.exceptions.CellExecutionError: An error occurred while executing the following cell:
------------------
from pycaret.datasets import get_data
boston = get_data('boston')
from pycaret.regression import *
exp_name = setup(data = boston, silent=True ,  target = 'medv')
rf = create_model('rf')
------------------

[0;31m---------------------------------------------------------------------------[0m
[0;31mImportError[0m                               Traceback (most recent call last)
[0;32m/tmp/ipykernel_2055/2230674878.py[0m in [0;36m<module>[0;34m[0m
[1;32m      1[0m [0;32mfrom[0m [0mpycaret[0m[0;34m.[0m[0mdatasets[0m [0;32mimport[0m [0mget_data[0m[0;34m[0m[0;34m[0m[0m
[1;32m      2[0m [0mboston[0m [0;34m=[0m [0mget_data[0m[0;34m([0m[0;34m'boston'[0m[0;34m)[0m[0;34m[0m[0;34m[0m[0m
[0;32m----> 3[0;31m [0;32mfrom[0m [0mpycaret[0m[0;34m.[0m[0mregression[0m [0;32mimport[0m [0;34m*[0m[0;34m[0m[0;34m[0m[0m
[0m[1;32m      4[0m [0mexp_name[0m [0;34m=[0m [0msetup[0m[0;34m([0m[0mdata[0m [0;34m=[0m [0mboston[0m[0;34m,[0m [0msilent[0m[0;34m=[0m[0;32mTrue[0m [0;34m,[0m  [0mtarget[0m [0;34m=[0m [0;34m'medv'[0m[0;34m)[0m[0;34m[0m[0;34m[0m[0m
[1;32m      5[0m [0mrf[0m [0;34m=[0m [0mcreate_model[0m[0;34m([0m[0;34m'rf'[0m[0;34m)[0m[0;34m[0m[0;34m[0m[0m

[0;32m/opt/hostedtoolcache/Python/3.7.11/x64/lib/python3.7/site-packages/pycaret/regression.py[0m in [0;36m<module>[0;34m[0m
[1;32m      8[0m [0;32mimport[0m [0mnumpy[0m [0;32mas[0m [0mnp[0m[0;34m[0m[0;34m[0m[0m
[1;32m      9[0m [0;34m[0m[0m
[0;32m---> 10[0;31m [0;32mimport[0m [0mpycaret[0m[0;34m.[0m[0minternal[0m[0;34m.[0m[0mtabular[0m[0;34m[0m[0;34m[0m[0m
[0m[1;32m     11[0m [0;32mfrom[0m [0mpycaret[0m[0;34m.[0m[0minternal[0m[0;34m.[0m[0mDisplay[0m [0;32mimport[0m [0mDisplay[0m[0;34m,[0m [0mis_in_colab[0m[0;34m,[0m [0menable_colab[0m[0;34m[0m[0;34m[0m[0m
[1;32m     12[0m [0;32mfrom[0m [0mtyping[0m [0;32mimport[0m [0mList[0m[0;34m,[0m [0mTuple[0m[0;34m,[0m [0mAny[0m[0;34m,[0m [0mUnion[0m[0;34m,[0m [0mOptional[0m[0;34m,[0m [0mDict[0m[0;34m[0m[0;34m[0m[0m

[0;32m/opt/hostedtoolcache/Python/3.7.11/x64/lib/python3.7/site-packages/pycaret/internal/tabular.py[0m in [0;36m<module>[0;34m[0m
[1;32m     45[0m [0;32mimport[0m [0mpycaret[0m[0;34m.[0m[0mcontainers[0m[0;34m.[0m[0mmodels[0m[0;34m.[0m[0mclustering[0m[0;34m[0m[0;34m[0m[0m
[1;32m     46[0m [0;32mimport[0m [0mpycaret[0m[0;34m.[0m[0mcontainers[0m[0;34m.[0m[0mmodels[0m[0;34m.[0m[0manomaly[0m[0;34m[0m[0;34m[0m[0m
[0;32m---> 47[0;31m [0;32mimport[0m [0mpycaret[0m[0;34m.[0m[0minternal[0m[0;34m.[0m[0mpreprocess[0m[0;34m[0m[0;34m[0m[0m
[0m[1;32m     48[0m [0;32mimport[0m [0mpandas[0m [0;32mas[0m [0mpd[0m[0;34m[0m[0;34m[0m[0m
[1;32m     49[0m [0;32mimport[0m [0mnumpy[0m [0;32mas[0m [0mnp[0m[0;34m[0m[0;34m[0m[0m

[0;32m/opt/hostedtoolcache/Python/3.7.11/x64/lib/python3.7/site-packages/pycaret/internal/preprocess.py[0m in [0;36m<module>[0;34m[0m
[1;32m     25[0m [0;32mfrom[0m [0msklearn[0m[0;34m.[0m[0mdecomposition[0m [0;32mimport[0m [0mIncrementalPCA[0m[0;34m[0m[0;34m[0m[0m
[1;32m     26[0m [0;32mfrom[0m [0msklearn[0m[0;34m.[0m[0mpreprocessing[0m [0;32mimport[0m [0mKBinsDiscretizer[0m[0;34m[0m[0;34m[0m[0m
[0;32m---> 27[0;31m [0;32mfrom[0m [0mpyod[0m[0;34m.[0m[0mmodels[0m[0;34m.[0m[0mknn[0m [0;32mimport[0m [0mKNN[0m[0;34m[0m[0;34m[0m[0m
[0m[1;32m     28[0m [0;32mfrom[0m [0mpyod[0m[0;34m.[0m[0mmodels[0m[0;34m.[0m[0miforest[0m [0;32mimport[0m [0mIForest[0m[0;34m[0m[0;34m[0m[0m
[1;32m     29[0m [0;32mfrom[0m [0mpyod[0m[0;34m.[0m[0mmodels[0m[0;34m.[0m[0mpca[0m [0;32mimport[0m [0mPCA[0m [0;32mas[0m [0mPCA_od[0m[0;34m[0m[0;34m[0m[0m

[0;32m/opt/hostedtoolcache/Python/3.7.11/x64/lib/python3.7/site-packages/pyod/__init__.py[0m in [0;36m<module>[0;34m[0m
[1;32m      2[0m [0;34m[0m[0m
[1;32m      3[0m [0;32mfrom[0m [0;34m.[0m [0;32mimport[0m [0mmodels[0m[0;34m[0m[0;34m[0m[0m
[0;32m----> 4[0;31m [0;32mfrom[0m [0;34m.[0m [0;32mimport[0m [0mutils[0m[0;34m[0m[0;34m[0m[0m
[0m[1;32m      5[0m [0;31m# TODO: add version information here[0m[0;34m[0m[0;34m[0m[0;34m[0m[0m
[1;32m      6[0m [0;34m[0m[0m

[0;32m/opt/hostedtoolcache/Python/3.7.11/x64/lib/python3.7/site-packages/pyod/utils/__init__.py[0m in [0;36m<module>[0;34m[0m
[1;32m      9[0m [0;32mfrom[0m [0;34m.[0m[0mdata[0m [0;32mimport[0m [0mgenerate_data[0m[0;34m[0m[0;34m[0m[0m
[1;32m     10[0m [0;32mfrom[0m [0;34m.[0m[0mdata[0m [0;32mimport[0m [0mevaluate_print[0m[0;34m[0m[0;34m[0m[0m
[0;32m---> 11[0;31m [0;32mfrom[0m [0;34m.[0m[0mstat_models[0m [0;32mimport[0m [0mpairwise_distances_no_broadcast[0m[0;34m[0m[0;34m[0m[0m
[0m[1;32m     12[0m [0;32mfrom[0m [0;34m.[0m[0mstat_models[0m [0;32mimport[0m [0mwpearsonr[0m[0;34m[0m[0;34m[0m[0m
[1;32m     13[0m [0;32mfrom[0m [0;34m.[0m[0mstat_models[0m [0;32mimport[0m [0mpearsonr_mat[0m[0;34m[0m[0;34m[0m[0m

[0;32m/opt/hostedtoolcache/Python/3.7.11/x64/lib/python3.7/site-packages/pyod/utils/stat_models.py[0m in [0;36m<module>[0;34m[0m
[1;32m      9[0m [0;34m[0m[0m
[1;32m     10[0m [0;32mimport[0m [0mnumpy[0m [0;32mas[0m [0mnp[0m[0;34m[0m[0;34m[0m[0m
[0;32m---> 11[0;31m [0;32mfrom[0m [0mnumba[0m [0;32mimport[0m [0mnjit[0m[0;34m[0m[0;34m[0m[0m
[0m[1;32m     12[0m [0;32mfrom[0m [0mscipy[0m[0;34m.[0m[0mstats[0m [0;32mimport[0m [0mpearsonr[0m[0;34m[0m[0;34m[0m[0m
[1;32m     13[0m [0;32mfrom[0m [0msklearn[0m[0;34m.[0m[0mutils[0m[0;34m.[0m[0mvalidation[0m [0;32mimport[0m [0mcheck_array[0m[0;34m[0m[0;34m[0m[0m

[0;32m/opt/hostedtoolcache/Python/3.7.11/x64/lib/python3.7/site-packages/numba/__init__.py[0m in [0;36m<module>[0;34m[0m
[1;32m     37[0m [0;34m[0m[0m
[1;32m     38[0m [0;31m# Re-export decorators[0m[0;34m[0m[0;34m[0m[0;34m[0m[0m
[0;32m---> 39[0;31m from numba.core.decorators import (cfunc, generated_jit, jit, njit, stencil,
[0m[1;32m     40[0m                                    jit_module)
[1;32m     41[0m [0;34m[0m[0m

[0;32m/opt/hostedtoolcache/Python/3.7.11/x64/lib/python3.7/site-packages/numba/core/decorators.py[0m in [0;36m<module>[0;34m[0m
[1;32m     10[0m [0;34m[0m[0m
[1;32m     11[0m [0;32mfrom[0m [0mnumba[0m[0;34m.[0m[0mcore[0m[0;34m.[0m[0merrors[0m [0;32mimport[0m [0mDeprecationError[0m[0;34m,[0m [0mNumbaDeprecationWarning[0m[0;34m[0m[0;34m[0m[0m
[0;32m---> 12[0;31m [0;32mfrom[0m [0mnumba[0m[0;34m.[0m[0mstencils[0m[0;34m.[0m[0mstencil[0m [0;32mimport[0m [0mstencil[0m[0;34m[0m[0;34m[0m[0m
[0m[1;32m     13[0m [0;32mfrom[0m [0mnumba[0m[0;34m.[0m[0mcore[0m [0;32mimport[0m [0mconfig[0m[0;34m,[0m [0mextending[0m[0;34m,[0m [0msigutils[0m[0;34m,[0m [0mregistry[0m[0;34m[0m[0;34m[0m[0m
[1;32m     14[0m [0;34m[0m[0m

[0;32m/opt/hostedtoolcache/Python/3.7.11/x64/lib/python3.7/site-packages/numba/stencils/stencil.py[0m in [0;36m<module>[0;34m[0m
[1;32m      9[0m [0;32mfrom[0m [0mllvmlite[0m [0;32mimport[0m [0mir[0m [0;32mas[0m [0mlir[0m[0;34m[0m[0;34m[0m[0m
[1;32m     10[0m [0;34m[0m[0m
[0;32m---> 11[0;31m [0;32mfrom[0m [0mnumba[0m[0;34m.[0m[0mcore[0m [0;32mimport[0m [0mtypes[0m[0;34m,[0m [0mtyping[0m[0;34m,[0m [0mutils[0m[0;34m,[0m [0mir[0m[0;34m,[0m [0mconfig[0m[0;34m,[0m [0mir_utils[0m[0;34m,[0m [0mregistry[0m[0;34m[0m[0;34m[0m[0m
[0m[1;32m     12[0m from numba.core.typing.templates import (CallableTemplate, signature,
[1;32m     13[0m                                          infer_global, AbstractTemplate)

[0;32m/opt/hostedtoolcache/Python/3.7.11/x64/lib/python3.7/site-packages/numba/core/ir_utils.py[0m in [0;36m<module>[0;34m[0m
[1;32m     14[0m [0;34m[0m[0m
[1;32m     15[0m [0;32mimport[0m [0mnumba[0m[0;34m[0m[0;34m[0m[0m
[0;32m---> 16[0;31m [0;32mfrom[0m [0mnumba[0m[0;34m.[0m[0mcore[0m[0;34m.[0m[0mextending[0m [0;32mimport[0m [0m_Intrinsic[0m[0;34m[0m[0;34m[0m[0m
[0m[1;32m     17[0m [0;32mfrom[0m [0mnumba[0m[0;34m.[0m[0mcore[0m [0;32mimport[0m [0mtypes[0m[0;34m,[0m [0mutils[0m[0;34m,[0m [0mtyping[0m[0;34m,[0m [0mir[0m[0;34m,[0m [0manalysis[0m[0;34m,[0m [0mpostproc[0m[0;34m,[0m [0mrewrites[0m[0;34m,[0m [0mconfig[0m[0;34m,[0m [0mcgutils[0m[0;34m[0m[0;34m[0m[0m
[1;32m     18[0m from numba.core.typing.templates import (signature, infer_global,

[0;32m/opt/hostedtoolcache/Python/3.7.11/x64/lib/python3.7/site-packages/numba/core/extending.py[0m in [0;36m<module>[0;34m[0m
[1;32m     17[0m [0;32mfrom[0m [0mnumba[0m[0;34m.[0m[0mcore[0m[0;34m.[0m[0mdatamodel[0m [0;32mimport[0m [0mmodels[0m   [0;31m# noqa: F401[0m[0;34m[0m[0;34m[0m[0m
[1;32m     18[0m [0;32mfrom[0m [0mnumba[0m[0;34m.[0m[0mcore[0m[0;34m.[0m[0mdatamodel[0m [0;32mimport[0m [0mregister_default[0m [0;32mas[0m [0mregister_model[0m  [0;31m# noqa: F401, E501[0m[0;34m[0m[0;34m[0m[0m
[0;32m---> 19[0;31m [0;32mfrom[0m [0mnumba[0m[0;34m.[0m[0mcore[0m[0;34m.[0m[0mpythonapi[0m [0;32mimport[0m [0mbox[0m[0;34m,[0m [0munbox[0m[0;34m,[0m [0mreflect[0m[0;34m,[0m [0mNativeValue[0m  [0;31m# noqa: F401[0m[0;34m[0m[0;34m[0m[0m
[0m[1;32m     20[0m [0;32mfrom[0m [0mnumba[0m[0;34m.[0m[0m_helperlib[0m [0;32mimport[0m [0m_import_cython_function[0m  [0;31m# noqa: F401[0m[0;34m[0m[0;34m[0m[0m
[1;32m     21[0m [0;32mfrom[0m [0mnumba[0m[0;34m.[0m[0mcore[0m[0;34m.[0m[0mserialize[0m [0;32mimport[0m [0mReduceMixin[0m[0;34m[0m[0;34m[0m[0m

[0;32m/opt/hostedtoolcache/Python/3.7.11/x64/lib/python3.7/site-packages/numba/core/pythonapi.py[0m in [0;36m<module>[0;34m[0m
[1;32m     10[0m [0;34m[0m[0m
[1;32m     11[0m [0;32mimport[0m [0mctypes[0m[0;34m[0m[0;34m[0m[0m
[0;32m---> 12[0;31m [0;32mfrom[0m [0mnumba[0m [0;32mimport[0m [0m_helperlib[0m[0;34m[0m[0;34m[0m[0m
[0m[1;32m     13[0m from numba.core import (
[1;32m     14[0m     [0mtypes[0m[0;34m,[0m [0mutils[0m[0;34m,[0m [0mconfig[0m[0;34m,[0m [0mlowering[0m[0;34m,[0m [0mcgutils[0m[0;34m,[0m [0mimputils[0m[0;34m,[0m [0mserialize[0m[0;34m,[0m[0;34m[0m[0;34m[0m[0m

[0;31mImportError[0m: numpy.core.multiarray failed to import
ImportError: numpy.core.multiarray failed to import

